<?xml version="1.0" encoding="UTF-8"?>
<coverage generated="1725993745">
  <project timestamp="1725993745">
    <package name="App\Classes\Email">
      <file name="/var/www/html/src/Classes/Email/AbstractEmailType.php">
        <class name="App\Classes\Email\AbstractEmailType" namespace="App\Classes\Email">
          <metrics complexity="6" methods="5" coveredmethods="0" conditionals="0" coveredconditionals="0" statements="11" coveredstatements="0" elements="16" coveredelements="0"/>
        </class>
        <line num="16" type="method" name="__construct" visibility="public" complexity="1" crap="2" count="0"/>
        <line num="18" type="stmt" count="0"/>
        <line num="19" type="stmt" count="0"/>
        <line num="20" type="stmt" count="0"/>
        <line num="26" type="method" name="getSubject" visibility="public" complexity="1" crap="2" count="0"/>
        <line num="28" type="stmt" count="0"/>
        <line num="36" type="method" name="getContent" visibility="public" complexity="1" crap="2" count="0"/>
        <line num="38" type="stmt" count="0"/>
        <line num="46" type="method" name="getPlainText" visibility="public" complexity="1" crap="2" count="0"/>
        <line num="48" type="stmt" count="0"/>
        <line num="57" type="method" name="render" visibility="private" complexity="2" crap="6" count="0"/>
        <line num="59" type="stmt" count="0"/>
        <line num="60" type="stmt" count="0"/>
        <line num="61" type="stmt" count="0"/>
        <line num="62" type="stmt" count="0"/>
        <line num="64" type="stmt" count="0"/>
        <metrics loc="66" ncloc="47" classes="1" methods="5" coveredmethods="0" conditionals="0" coveredconditionals="0" statements="11" coveredstatements="0" elements="16" coveredelements="0"/>
      </file>
      <file name="/var/www/html/src/Classes/Email/Mailer.php">
        <class name="App\Classes\Email\Mailer" namespace="App\Classes\Email">
          <metrics complexity="4" methods="2" coveredmethods="0" conditionals="0" coveredconditionals="0" statements="19" coveredstatements="0" elements="21" coveredelements="0"/>
        </class>
        <line num="14" type="method" name="__construct" visibility="public" complexity="1" crap="2" count="0"/>
        <line num="16" type="stmt" count="0"/>
        <line num="17" type="stmt" count="0"/>
        <line num="18" type="stmt" count="0"/>
        <line num="19" type="stmt" count="0"/>
        <line num="20" type="stmt" count="0"/>
        <line num="21" type="stmt" count="0"/>
        <line num="22" type="stmt" count="0"/>
        <line num="23" type="stmt" count="0"/>
        <line num="33" type="method" name="sendEmailToUser" visibility="public" complexity="3" crap="12" count="0"/>
        <line num="36" type="stmt" count="0"/>
        <line num="37" type="stmt" count="0"/>
        <line num="40" type="stmt" count="0"/>
        <line num="41" type="stmt" count="0"/>
        <line num="42" type="stmt" count="0"/>
        <line num="43" type="stmt" count="0"/>
        <line num="44" type="stmt" count="0"/>
        <line num="45" type="stmt" count="0"/>
        <line num="47" type="stmt" count="0"/>
        <line num="48" type="stmt" count="0"/>
        <line num="49" type="stmt" count="0"/>
        <metrics loc="52" ncloc="45" classes="1" methods="2" coveredmethods="0" conditionals="0" coveredconditionals="0" statements="19" coveredstatements="0" elements="21" coveredelements="0"/>
      </file>
    </package>
    <package name="App\Classes\Email\EmailType">
      <file name="/var/www/html/src/Classes/Email/EmailType/PasswordResetEmail.php">
        <class name="App\Classes\Email\EmailType\PasswordResetEmail" namespace="App\Classes\Email\EmailType">
          <metrics complexity="1" methods="1" coveredmethods="0" conditionals="0" coveredconditionals="0" statements="4" coveredstatements="0" elements="5" coveredelements="0"/>
        </class>
        <line num="9" type="method" name="__construct" visibility="public" complexity="1" crap="2" count="0"/>
        <line num="11" type="stmt" count="0"/>
        <line num="12" type="stmt" count="0"/>
        <line num="13" type="stmt" count="0"/>
        <line num="14" type="stmt" count="0"/>
        <metrics loc="16" ncloc="16" classes="1" methods="1" coveredmethods="0" conditionals="0" coveredconditionals="0" statements="4" coveredstatements="0" elements="5" coveredelements="0"/>
      </file>
      <file name="/var/www/html/src/Classes/Email/EmailType/UserRegistrationEmail.php">
        <class name="App\Classes\Email\EmailType\UserRegistrationEmail" namespace="App\Classes\Email\EmailType">
          <metrics complexity="1" methods="1" coveredmethods="0" conditionals="0" coveredconditionals="0" statements="4" coveredstatements="0" elements="5" coveredelements="0"/>
        </class>
        <line num="9" type="method" name="__construct" visibility="public" complexity="1" crap="2" count="0"/>
        <line num="11" type="stmt" count="0"/>
        <line num="12" type="stmt" count="0"/>
        <line num="13" type="stmt" count="0"/>
        <line num="14" type="stmt" count="0"/>
        <metrics loc="16" ncloc="16" classes="1" methods="1" coveredmethods="0" conditionals="0" coveredconditionals="0" statements="4" coveredstatements="0" elements="5" coveredelements="0"/>
      </file>
    </package>
    <package name="App\Classes\Files">
      <file name="/var/www/html/src/Classes/Files/BucketConnector.php">
        <class name="App\Classes\Files\BucketConnector" namespace="App\Classes\Files">
          <metrics complexity="1" methods="1" coveredmethods="0" conditionals="0" coveredconditionals="0" statements="8" coveredstatements="0" elements="9" coveredelements="0"/>
        </class>
        <line num="9" type="method" name="getImageStorageClient" visibility="public" complexity="1" crap="2" count="0"/>
        <line num="11" type="stmt" count="0"/>
        <line num="12" type="stmt" count="0"/>
        <line num="13" type="stmt" count="0"/>
        <line num="14" type="stmt" count="0"/>
        <line num="15" type="stmt" count="0"/>
        <line num="16" type="stmt" count="0"/>
        <line num="17" type="stmt" count="0"/>
        <line num="18" type="stmt" count="0"/>
        <metrics loc="20" ncloc="20" classes="1" methods="1" coveredmethods="0" conditionals="0" coveredconditionals="0" statements="8" coveredstatements="0" elements="9" coveredelements="0"/>
      </file>
      <file name="/var/www/html/src/Classes/Files/ImageUploadHandler.php">
        <class name="App\Classes\Files\ImageUploadHandler" namespace="App\Classes\Files">
          <metrics complexity="6" methods="4" coveredmethods="0" conditionals="0" coveredconditionals="0" statements="22" coveredstatements="0" elements="26" coveredelements="0"/>
        </class>
        <line num="15" type="method" name="__construct" visibility="public" complexity="1" crap="2" count="0"/>
        <line num="17" type="stmt" count="0"/>
        <line num="18" type="stmt" count="0"/>
        <line num="29" type="method" name="uploadImage" visibility="public" complexity="1" crap="2" count="0"/>
        <line num="31" type="stmt" count="0"/>
        <line num="33" type="stmt" count="0"/>
        <line num="35" type="stmt" count="0"/>
        <line num="36" type="stmt" count="0"/>
        <line num="37" type="stmt" count="0"/>
        <line num="38" type="stmt" count="0"/>
        <line num="39" type="stmt" count="0"/>
        <line num="41" type="stmt" count="0"/>
        <line num="43" type="stmt" count="0"/>
        <line num="53" type="method" name="validateImage" visibility="private" complexity="3" crap="12" count="0"/>
        <line num="55" type="stmt" count="0"/>
        <line num="57" type="stmt" count="0"/>
        <line num="58" type="stmt" count="0"/>
        <line num="61" type="stmt" count="0"/>
        <line num="63" type="stmt" count="0"/>
        <line num="64" type="stmt" count="0"/>
        <line num="75" type="method" name="processImage" visibility="private" complexity="1" crap="2" count="0"/>
        <line num="77" type="stmt" count="0"/>
        <line num="79" type="stmt" count="0"/>
        <line num="80" type="stmt" count="0"/>
        <line num="81" type="stmt" count="0"/>
        <line num="83" type="stmt" count="0"/>
        <metrics loc="85" ncloc="63" classes="1" methods="4" coveredmethods="0" conditionals="0" coveredconditionals="0" statements="22" coveredstatements="0" elements="26" coveredelements="0"/>
      </file>
    </package>
    <package name="App\Classes\Form">
      <file name="/var/www/html/src/Classes/Form/AbstractForm.php">
        <class name="App\Classes\Form\AbstractForm" namespace="App\Classes\Form">
          <metrics complexity="7" methods="6" coveredmethods="0" conditionals="0" coveredconditionals="0" statements="12" coveredstatements="0" elements="18" coveredelements="0"/>
        </class>
        <line num="12" type="method" name="__construct" visibility="public" complexity="1" crap="2" count="0"/>
        <line num="14" type="stmt" count="0"/>
        <line num="15" type="stmt" count="0"/>
        <line num="16" type="stmt" count="0"/>
        <line num="17" type="stmt" count="0"/>
        <line num="20" type="method" name="build" visibility="protected" complexity="0" crap="0" count="0"/>
        <line num="22" type="method" name="isValid" visibility="public" complexity="1" crap="2" count="0"/>
        <line num="24" type="stmt" count="0"/>
        <line num="30" type="method" name="getErrors" visibility="public" complexity="1" crap="2" count="0"/>
        <line num="32" type="stmt" count="0"/>
        <line num="38" type="method" name="validate" visibility="private" complexity="3" crap="12" count="0"/>
        <line num="40" type="stmt" count="0"/>
        <line num="41" type="stmt" count="0"/>
        <line num="43" type="stmt" count="0"/>
        <line num="44" type="stmt" count="0"/>
        <line num="49" type="method" name="addField" visibility="protected" complexity="1" crap="2" count="0"/>
        <line num="57" type="stmt" count="0"/>
        <metrics loc="59" ncloc="53" classes="1" methods="6" coveredmethods="0" conditionals="0" coveredconditionals="0" statements="12" coveredstatements="0" elements="18" coveredelements="0"/>
      </file>
      <file name="/var/www/html/src/Classes/Form/FormField.php">
        <class name="App\Classes\Form\FormField" namespace="App\Classes\Form">
          <metrics complexity="21" methods="5" coveredmethods="2" conditionals="0" coveredconditionals="0" statements="31" coveredstatements="23" elements="36" coveredelements="25"/>
        </class>
        <line num="7" type="method" name="__construct" visibility="public" complexity="1" crap="1" count="3"/>
        <line num="15" type="stmt" count="3"/>
        <line num="22" type="method" name="validate" visibility="public" complexity="4" crap="4.20" count="3"/>
        <line num="24" type="stmt" count="3"/>
        <line num="25" type="stmt" count="1"/>
        <line num="26" type="stmt" count="1"/>
        <line num="27" type="stmt" count="1"/>
        <line num="30" type="stmt" count="2"/>
        <line num="31" type="stmt" count="0"/>
        <line num="32" type="stmt" count="0"/>
        <line num="33" type="stmt" count="0"/>
        <line num="36" type="stmt" count="2"/>
        <line num="37" type="stmt" count="1"/>
        <line num="38" type="stmt" count="1"/>
        <line num="39" type="stmt" count="1"/>
        <line num="42" type="stmt" count="1"/>
        <line num="50" type="method" name="validateRequired" visibility="private" complexity="3" crap="3" count="3"/>
        <line num="52" type="stmt" count="3"/>
        <line num="53" type="stmt" count="1"/>
        <line num="56" type="stmt" count="2"/>
        <line num="64" type="method" name="validateType" visibility="private" complexity="4" crap="6.00" count="2"/>
        <line num="66" type="stmt" count="2"/>
        <line num="68" type="stmt" count="2"/>
        <line num="69" type="stmt" count="2"/>
        <line num="72" type="stmt" count="0"/>
        <line num="73" type="stmt" count="0"/>
        <line num="76" type="stmt" count="0"/>
        <line num="84" type="method" name="validateValue" visibility="private" complexity="9" crap="10.27" count="2"/>
        <line num="86" type="stmt" count="2"/>
        <line num="87" type="stmt" count="0"/>
        <line num="90" type="stmt" count="2"/>
        <line num="92" type="stmt" count="2"/>
        <line num="93" type="stmt" count="1"/>
        <line num="96" type="stmt" count="1"/>
        <line num="97" type="stmt" count="0"/>
        <line num="100" type="stmt" count="1"/>
        <metrics loc="102" ncloc="82" classes="1" methods="5" coveredmethods="2" conditionals="0" coveredconditionals="0" statements="31" coveredstatements="23" elements="36" coveredelements="25"/>
      </file>
    </package>
    <package name="App\Classes\Form\Recipe">
      <file name="/var/www/html/src/Classes/Form/Recipe/RecipeForm.php">
        <class name="App\Classes\Form\Recipe\RecipeForm" namespace="App\Classes\Form\Recipe">
          <metrics complexity="1" methods="1" coveredmethods="0" conditionals="0" coveredconditionals="0" statements="7" coveredstatements="0" elements="8" coveredelements="0"/>
        </class>
        <line num="9" type="method" name="build" visibility="protected" complexity="1" crap="2" count="0"/>
        <line num="11" type="stmt" count="0"/>
        <line num="12" type="stmt" count="0"/>
        <line num="13" type="stmt" count="0"/>
        <line num="14" type="stmt" count="0"/>
        <line num="15" type="stmt" count="0"/>
        <line num="16" type="stmt" count="0"/>
        <line num="17" type="stmt" count="0"/>
        <metrics loc="19" ncloc="19" classes="1" methods="1" coveredmethods="0" conditionals="0" coveredconditionals="0" statements="7" coveredstatements="0" elements="8" coveredelements="0"/>
      </file>
      <file name="/var/www/html/src/Classes/Form/Recipe/RecipeStepForm.php">
        <class name="App\Classes\Form\Recipe\RecipeStepForm" namespace="App\Classes\Form\Recipe">
          <metrics complexity="1" methods="1" coveredmethods="0" conditionals="0" coveredconditionals="0" statements="4" coveredstatements="0" elements="5" coveredelements="0"/>
        </class>
        <line num="9" type="method" name="build" visibility="protected" complexity="1" crap="2" count="0"/>
        <line num="11" type="stmt" count="0"/>
        <line num="12" type="stmt" count="0"/>
        <line num="13" type="stmt" count="0"/>
        <line num="14" type="stmt" count="0"/>
        <metrics loc="16" ncloc="16" classes="1" methods="1" coveredmethods="0" conditionals="0" coveredconditionals="0" statements="4" coveredstatements="0" elements="5" coveredelements="0"/>
      </file>
    </package>
    <package name="App\Classes\Helper">
      <file name="/var/www/html/src/Classes/Helper/PaintHelper.php">
        <class name="App\Classes\Helper\PaintHelper" namespace="App\Classes\Helper">
          <metrics complexity="5" methods="1" coveredmethods="0" conditionals="0" coveredconditionals="0" statements="11" coveredstatements="0" elements="12" coveredelements="0"/>
        </class>
        <line num="12" type="method" name="getAvailablePaintColoursAndTypes" visibility="public" complexity="5" crap="30" count="0"/>
        <line num="14" type="stmt" count="0"/>
        <line num="15" type="stmt" count="0"/>
        <line num="16" type="stmt" count="0"/>
        <line num="18" type="stmt" count="0"/>
        <line num="19" type="stmt" count="0"/>
        <line num="20" type="stmt" count="0"/>
        <line num="23" type="stmt" count="0"/>
        <line num="24" type="stmt" count="0"/>
        <line num="27" type="stmt" count="0"/>
        <line num="28" type="stmt" count="0"/>
        <line num="32" type="stmt" count="0"/>
        <metrics loc="34" ncloc="29" classes="1" methods="1" coveredmethods="0" conditionals="0" coveredconditionals="0" statements="11" coveredstatements="0" elements="12" coveredelements="0"/>
      </file>
      <file name="/var/www/html/src/Classes/Helper/RequestHelper.php">
        <class name="App\Classes\Helper\RequestHelper" namespace="App\Classes\Helper">
          <metrics complexity="4" methods="2" coveredmethods="0" conditionals="0" coveredconditionals="0" statements="4" coveredstatements="0" elements="6" coveredelements="0"/>
        </class>
        <line num="12" type="method" name="requestHasFile" visibility="public" complexity="2" crap="6" count="0"/>
        <line num="14" type="stmt" count="0"/>
        <line num="22" type="method" name="getFileFromRequest" visibility="public" complexity="2" crap="6" count="0"/>
        <line num="24" type="stmt" count="0"/>
        <line num="25" type="stmt" count="0"/>
        <line num="28" type="stmt" count="0"/>
        <metrics loc="30" ncloc="20" classes="1" methods="2" coveredmethods="0" conditionals="0" coveredconditionals="0" statements="4" coveredstatements="0" elements="6" coveredelements="0"/>
      </file>
    </package>
    <package name="App\Classes\Recipe">
      <file name="/var/www/html/src/Classes/Recipe/RecipeButtonGenerator.php">
        <class name="App\Classes\Recipe\RecipeButtonGenerator" namespace="App\Classes\Recipe">
          <metrics complexity="4" methods="1" coveredmethods="0" conditionals="0" coveredconditionals="0" statements="28" coveredstatements="15" elements="29" coveredelements="15"/>
        </class>
        <line num="10" type="method" name="getRecipeButtons" visibility="public" complexity="4" crap="5.60" count="1"/>
        <line num="12" type="stmt" count="1"/>
        <line num="13" type="stmt" count="0"/>
        <line num="16" type="stmt" count="1"/>
        <line num="17" type="stmt" count="1"/>
        <line num="18" type="stmt" count="1"/>
        <line num="19" type="stmt" count="1"/>
        <line num="20" type="stmt" count="1"/>
        <line num="21" type="stmt" count="1"/>
        <line num="22" type="stmt" count="1"/>
        <line num="23" type="stmt" count="1"/>
        <line num="24" type="stmt" count="1"/>
        <line num="25" type="stmt" count="1"/>
        <line num="26" type="stmt" count="1"/>
        <line num="27" type="stmt" count="1"/>
        <line num="28" type="stmt" count="1"/>
        <line num="29" type="stmt" count="1"/>
        <line num="32" type="stmt" count="0"/>
        <line num="33" type="stmt" count="0"/>
        <line num="34" type="stmt" count="0"/>
        <line num="36" type="stmt" count="0"/>
        <line num="37" type="stmt" count="0"/>
        <line num="38" type="stmt" count="0"/>
        <line num="39" type="stmt" count="0"/>
        <line num="40" type="stmt" count="0"/>
        <line num="41" type="stmt" count="0"/>
        <line num="42" type="stmt" count="0"/>
        <line num="43" type="stmt" count="0"/>
        <line num="44" type="stmt" count="0"/>
        <metrics loc="46" ncloc="46" classes="1" methods="1" coveredmethods="0" conditionals="0" coveredconditionals="0" statements="28" coveredstatements="15" elements="29" coveredelements="15"/>
      </file>
      <file name="/var/www/html/src/Classes/Recipe/RecipeCreator.php">
        <class name="App\Classes\Recipe\RecipeCreator" namespace="App\Classes\Recipe">
          <metrics complexity="9" methods="3" coveredmethods="0" conditionals="0" coveredconditionals="0" statements="31" coveredstatements="0" elements="34" coveredelements="0"/>
        </class>
        <line num="21" type="method" name="createRecipe" visibility="public" complexity="3" crap="12" count="0"/>
        <line num="23" type="stmt" count="0"/>
        <line num="24" type="stmt" count="0"/>
        <line num="25" type="stmt" count="0"/>
        <line num="26" type="stmt" count="0"/>
        <line num="27" type="stmt" count="0"/>
        <line num="28" type="stmt" count="0"/>
        <line num="29" type="stmt" count="0"/>
        <line num="30" type="stmt" count="0"/>
        <line num="31" type="stmt" count="0"/>
        <line num="32" type="stmt" count="0"/>
        <line num="33" type="stmt" count="0"/>
        <line num="35" type="stmt" count="0"/>
        <line num="46" type="method" name="updateRecipe" visibility="public" complexity="4" crap="20" count="0"/>
        <line num="48" type="stmt" count="0"/>
        <line num="49" type="stmt" count="0"/>
        <line num="51" type="stmt" count="0"/>
        <line num="52" type="stmt" count="0"/>
        <line num="53" type="stmt" count="0"/>
        <line num="54" type="stmt" count="0"/>
        <line num="55" type="stmt" count="0"/>
        <line num="56" type="stmt" count="0"/>
        <line num="57" type="stmt" count="0"/>
        <line num="58" type="stmt" count="0"/>
        <line num="60" type="stmt" count="0"/>
        <line num="72" type="method" name="createRecipeStep" visibility="public" complexity="2" crap="6" count="0"/>
        <line num="74" type="stmt" count="0"/>
        <line num="75" type="stmt" count="0"/>
        <line num="76" type="stmt" count="0"/>
        <line num="77" type="stmt" count="0"/>
        <line num="78" type="stmt" count="0"/>
        <line num="79" type="stmt" count="0"/>
        <line num="80" type="stmt" count="0"/>
        <line num="81" type="stmt" count="0"/>
        <metrics loc="83" ncloc="59" classes="1" methods="3" coveredmethods="0" conditionals="0" coveredconditionals="0" statements="31" coveredstatements="0" elements="34" coveredelements="0"/>
      </file>
    </package>
    <package name="App\Commands\Helpers">
      <file name="/var/www/html/src/Commands/Helpers/DatabaseConnectionHelper.php">
        <class name="App\Commands\Helpers\DatabaseConnectionHelper" namespace="App\Commands\Helpers">
          <metrics complexity="1" methods="1" coveredmethods="0" conditionals="0" coveredconditionals="0" statements="8" coveredstatements="0" elements="9" coveredelements="0"/>
        </class>
        <line num="16" type="method" name="connect" visibility="public" complexity="1" crap="2" count="0"/>
        <line num="18" type="stmt" count="0"/>
        <line num="19" type="stmt" count="0"/>
        <line num="21" type="stmt" count="0"/>
        <line num="22" type="stmt" count="0"/>
        <line num="23" type="stmt" count="0"/>
        <line num="24" type="stmt" count="0"/>
        <line num="25" type="stmt" count="0"/>
        <line num="26" type="stmt" count="0"/>
        <metrics loc="28" ncloc="23" classes="1" methods="1" coveredmethods="0" conditionals="0" coveredconditionals="0" statements="8" coveredstatements="0" elements="9" coveredelements="0"/>
      </file>
    </package>
    <package name="App\Commands">
      <file name="/var/www/html/src/Commands/PopulatePaintsCommand.php">
        <class name="App\Commands\PopulatePaintsCommand" namespace="App\Commands">
          <metrics complexity="10" methods="2" coveredmethods="0" conditionals="0" coveredconditionals="0" statements="45" coveredstatements="0" elements="47" coveredelements="0"/>
        </class>
        <line num="22" type="method" name="configure" visibility="protected" complexity="1" crap="2" count="0"/>
        <line num="24" type="stmt" count="0"/>
        <line num="35" type="method" name="execute" visibility="protected" complexity="9" crap="90" count="0"/>
        <line num="37" type="stmt" count="0"/>
        <line num="38" type="stmt" count="0"/>
        <line num="39" type="stmt" count="0"/>
        <line num="40" type="stmt" count="0"/>
        <line num="41" type="stmt" count="0"/>
        <line num="42" type="stmt" count="0"/>
        <line num="44" type="stmt" count="0"/>
        <line num="45" type="stmt" count="0"/>
        <line num="46" type="stmt" count="0"/>
        <line num="47" type="stmt" count="0"/>
        <line num="48" type="stmt" count="0"/>
        <line num="49" type="stmt" count="0"/>
        <line num="51" type="stmt" count="0"/>
        <line num="52" type="stmt" count="0"/>
        <line num="53" type="stmt" count="0"/>
        <line num="54" type="stmt" count="0"/>
        <line num="55" type="stmt" count="0"/>
        <line num="56" type="stmt" count="0"/>
        <line num="57" type="stmt" count="0"/>
        <line num="58" type="stmt" count="0"/>
        <line num="59" type="stmt" count="0"/>
        <line num="60" type="stmt" count="0"/>
        <line num="61" type="stmt" count="0"/>
        <line num="63" type="stmt" count="0"/>
        <line num="64" type="stmt" count="0"/>
        <line num="66" type="stmt" count="0"/>
        <line num="68" type="stmt" count="0"/>
        <line num="69" type="stmt" count="0"/>
        <line num="70" type="stmt" count="0"/>
        <line num="71" type="stmt" count="0"/>
        <line num="72" type="stmt" count="0"/>
        <line num="73" type="stmt" count="0"/>
        <line num="74" type="stmt" count="0"/>
        <line num="75" type="stmt" count="0"/>
        <line num="76" type="stmt" count="0"/>
        <line num="78" type="stmt" count="0"/>
        <line num="79" type="stmt" count="0"/>
        <line num="82" type="stmt" count="0"/>
        <line num="86" type="stmt" count="0"/>
        <line num="87" type="stmt" count="0"/>
        <line num="88" type="stmt" count="0"/>
        <line num="89" type="stmt" count="0"/>
        <line num="90" type="stmt" count="0"/>
        <line num="93" type="stmt" count="0"/>
        <metrics loc="95" ncloc="82" classes="1" methods="2" coveredmethods="0" conditionals="0" coveredconditionals="0" statements="45" coveredstatements="0" elements="47" coveredelements="0"/>
      </file>
      <file name="/var/www/html/src/Commands/PopulateSecuritySchemaCommand.php">
        <class name="App\Commands\PopulateSecuritySchemaCommand" namespace="App\Commands">
          <metrics complexity="14" methods="5" coveredmethods="0" conditionals="0" coveredconditionals="0" statements="64" coveredstatements="0" elements="69" coveredelements="0"/>
        </class>
        <line num="27" type="method" name="configure" visibility="protected" complexity="1" crap="2" count="0"/>
        <line num="29" type="stmt" count="0"/>
        <line num="40" type="method" name="execute" visibility="protected" complexity="1" crap="2" count="0"/>
        <line num="42" type="stmt" count="0"/>
        <line num="44" type="stmt" count="0"/>
        <line num="46" type="stmt" count="0"/>
        <line num="47" type="stmt" count="0"/>
        <line num="48" type="stmt" count="0"/>
        <line num="50" type="stmt" count="0"/>
        <line num="58" type="method" name="createPermissions" visibility="private" complexity="4" crap="20" count="0"/>
        <line num="60" type="stmt" count="0"/>
        <line num="61" type="stmt" count="0"/>
        <line num="62" type="stmt" count="0"/>
        <line num="63" type="stmt" count="0"/>
        <line num="65" type="stmt" count="0"/>
        <line num="66" type="stmt" count="0"/>
        <line num="68" type="stmt" count="0"/>
        <line num="69" type="stmt" count="0"/>
        <line num="70" type="stmt" count="0"/>
        <line num="73" type="stmt" count="0"/>
        <line num="74" type="stmt" count="0"/>
        <line num="75" type="stmt" count="0"/>
        <line num="76" type="stmt" count="0"/>
        <line num="78" type="stmt" count="0"/>
        <line num="79" type="stmt" count="0"/>
        <line num="82" type="stmt" count="0"/>
        <line num="83" type="stmt" count="0"/>
        <line num="85" type="stmt" count="0"/>
        <line num="94" type="method" name="createRoles" visibility="private" complexity="6" crap="42" count="0"/>
        <line num="96" type="stmt" count="0"/>
        <line num="98" type="stmt" count="0"/>
        <line num="99" type="stmt" count="0"/>
        <line num="100" type="stmt" count="0"/>
        <line num="102" type="stmt" count="0"/>
        <line num="103" type="stmt" count="0"/>
        <line num="105" type="stmt" count="0"/>
        <line num="106" type="stmt" count="0"/>
        <line num="107" type="stmt" count="0"/>
        <line num="110" type="stmt" count="0"/>
        <line num="112" type="stmt" count="0"/>
        <line num="113" type="stmt" count="0"/>
        <line num="115" type="stmt" count="0"/>
        <line num="117" type="stmt" count="0"/>
        <line num="120" type="stmt" count="0"/>
        <line num="121" type="stmt" count="0"/>
        <line num="122" type="stmt" count="0"/>
        <line num="123" type="stmt" count="0"/>
        <line num="124" type="stmt" count="0"/>
        <line num="126" type="stmt" count="0"/>
        <line num="127" type="stmt" count="0"/>
        <line num="130" type="stmt" count="0"/>
        <line num="131" type="stmt" count="0"/>
        <line num="133" type="stmt" count="0"/>
        <line num="142" type="method" name="createAdminUser" visibility="private" complexity="2" crap="6" count="0"/>
        <line num="144" type="stmt" count="0"/>
        <line num="146" type="stmt" count="0"/>
        <line num="148" type="stmt" count="0"/>
        <line num="149" type="stmt" count="0"/>
        <line num="151" type="stmt" count="0"/>
        <line num="153" type="stmt" count="0"/>
        <line num="154" type="stmt" count="0"/>
        <line num="155" type="stmt" count="0"/>
        <line num="156" type="stmt" count="0"/>
        <line num="157" type="stmt" count="0"/>
        <line num="158" type="stmt" count="0"/>
        <line num="159" type="stmt" count="0"/>
        <line num="160" type="stmt" count="0"/>
        <line num="161" type="stmt" count="0"/>
        <line num="163" type="stmt" count="0"/>
        <metrics loc="166" ncloc="138" classes="1" methods="5" coveredmethods="0" conditionals="0" coveredconditionals="0" statements="64" coveredstatements="0" elements="69" coveredelements="0"/>
      </file>
    </package>
    <package name="App\Entity">
      <file name="/var/www/html/src/Entity/Manufacturer.php">
        <class name="App\Entity\Manufacturer" namespace="App\Entity">
          <metrics complexity="1" methods="1" coveredmethods="0" conditionals="0" coveredconditionals="0" statements="1" coveredstatements="0" elements="2" coveredelements="0"/>
        </class>
        <line num="25" type="method" name="getName" visibility="public" complexity="1" crap="2" count="0"/>
        <line num="27" type="stmt" count="0"/>
        <metrics loc="29" ncloc="26" classes="1" methods="1" coveredmethods="0" conditionals="0" coveredconditionals="0" statements="1" coveredstatements="0" elements="2" coveredelements="0"/>
      </file>
      <file name="/var/www/html/src/Entity/Paint.php">
        <class name="App\Entity\Paint" namespace="App\Entity">
          <metrics complexity="10" methods="9" coveredmethods="0" conditionals="0" coveredconditionals="0" statements="17" coveredstatements="0" elements="26" coveredelements="0"/>
        </class>
        <line num="43" type="method" name="getName" visibility="public" complexity="1" crap="2" count="0"/>
        <line num="45" type="stmt" count="0"/>
        <line num="51" type="method" name="getColourCode" visibility="public" complexity="1" crap="2" count="0"/>
        <line num="53" type="stmt" count="0"/>
        <line num="59" type="method" name="getGradientCode" visibility="public" complexity="1" crap="2" count="0"/>
        <line num="61" type="stmt" count="0"/>
        <line num="64" type="method" name="getColour" visibility="public" complexity="2" crap="6" count="0"/>
        <line num="66" type="stmt" count="0"/>
        <line num="67" type="stmt" count="0"/>
        <line num="68" type="stmt" count="0"/>
        <line num="74" type="method" name="getRange" visibility="public" complexity="1" crap="2" count="0"/>
        <line num="76" type="stmt" count="0"/>
        <line num="82" type="method" name="getColourRange" visibility="public" complexity="1" crap="2" count="0"/>
        <line num="84" type="stmt" count="0"/>
        <line num="90" type="method" name="getType" visibility="public" complexity="1" crap="2" count="0"/>
        <line num="92" type="stmt" count="0"/>
        <line num="98" type="method" name="getManufacturer" visibility="public" complexity="1" crap="2" count="0"/>
        <line num="100" type="stmt" count="0"/>
        <line num="106" type="method" name="toArray" visibility="public" complexity="1" crap="2" count="0"/>
        <line num="108" type="stmt" count="0"/>
        <line num="109" type="stmt" count="0"/>
        <line num="110" type="stmt" count="0"/>
        <line num="111" type="stmt" count="0"/>
        <line num="112" type="stmt" count="0"/>
        <line num="113" type="stmt" count="0"/>
        <line num="114" type="stmt" count="0"/>
        <metrics loc="116" ncloc="92" classes="1" methods="9" coveredmethods="0" conditionals="0" coveredconditionals="0" statements="17" coveredstatements="0" elements="26" coveredelements="0"/>
      </file>
      <file name="/var/www/html/src/Entity/PasswordResetAttempt.php">
        <class name="App\Entity\PasswordResetAttempt" namespace="App\Entity">
          <metrics complexity="5" methods="5" coveredmethods="0" conditionals="0" coveredconditionals="0" statements="5" coveredstatements="0" elements="10" coveredelements="0"/>
        </class>
        <line num="35" type="method" name="getUser" visibility="public" complexity="1" crap="2" count="0"/>
        <line num="37" type="stmt" count="0"/>
        <line num="43" type="method" name="getCode" visibility="public" complexity="1" crap="2" count="0"/>
        <line num="45" type="stmt" count="0"/>
        <line num="51" type="method" name="isActioned" visibility="public" complexity="1" crap="2" count="0"/>
        <line num="53" type="stmt" count="0"/>
        <line num="59" type="method" name="action" visibility="public" complexity="1" crap="2" count="0"/>
        <line num="61" type="stmt" count="0"/>
        <line num="67" type="method" name="getCreatedAt" visibility="public" complexity="1" crap="2" count="0"/>
        <line num="69" type="stmt" count="0"/>
        <metrics loc="71" ncloc="56" classes="1" methods="5" coveredmethods="0" conditionals="0" coveredconditionals="0" statements="5" coveredstatements="0" elements="10" coveredelements="0"/>
      </file>
    </package>
    <package name="App\Entity\Recipe">
      <file name="/var/www/html/src/Entity/Recipe/Recipe.php">
        <class name="App\Entity\Recipe\Recipe" namespace="App\Entity\Recipe">
          <metrics complexity="28" methods="21" coveredmethods="0" conditionals="0" coveredconditionals="0" statements="38" coveredstatements="0" elements="59" coveredelements="0"/>
        </class>
        <line num="58" type="method" name="getUser" visibility="public" complexity="1" crap="2" count="0"/>
        <line num="60" type="stmt" count="0"/>
        <line num="66" type="method" name="getName" visibility="public" complexity="1" crap="2" count="0"/>
        <line num="68" type="stmt" count="0"/>
        <line num="76" type="method" name="setName" visibility="public" complexity="1" crap="2" count="0"/>
        <line num="78" type="stmt" count="0"/>
        <line num="84" type="method" name="getDisplayId" visibility="public" complexity="1" crap="2" count="0"/>
        <line num="86" type="stmt" count="0"/>
        <line num="94" type="method" name="setDisplayId" visibility="public" complexity="1" crap="2" count="0"/>
        <line num="96" type="stmt" count="0"/>
        <line num="102" type="method" name="getFormattedName" visibility="public" complexity="1" crap="2" count="0"/>
        <line num="104" type="stmt" count="0"/>
        <line num="110" type="method" name="getTarget" visibility="public" complexity="1" crap="2" count="0"/>
        <line num="112" type="stmt" count="0"/>
        <line num="120" type="method" name="setTarget" visibility="public" complexity="1" crap="2" count="0"/>
        <line num="122" type="stmt" count="0"/>
        <line num="128" type="method" name="getPrimaryColour" visibility="public" complexity="1" crap="2" count="0"/>
        <line num="130" type="stmt" count="0"/>
        <line num="138" type="method" name="setPrimaryColour" visibility="public" complexity="1" crap="2" count="0"/>
        <line num="140" type="stmt" count="0"/>
        <line num="146" type="method" name="getSecondaryColour" visibility="public" complexity="1" crap="2" count="0"/>
        <line num="148" type="stmt" count="0"/>
        <line num="156" type="method" name="setSecondaryColour" visibility="public" complexity="1" crap="2" count="0"/>
        <line num="158" type="stmt" count="0"/>
        <line num="164" type="method" name="getTertiaryColour" visibility="public" complexity="1" crap="2" count="0"/>
        <line num="166" type="stmt" count="0"/>
        <line num="174" type="method" name="setTertiaryColour" visibility="public" complexity="1" crap="2" count="0"/>
        <line num="176" type="stmt" count="0"/>
        <line num="182" type="method" name="getCreatedDate" visibility="public" complexity="1" crap="2" count="0"/>
        <line num="184" type="stmt" count="0"/>
        <line num="190" type="method" name="getImageUrl" visibility="public" complexity="1" crap="2" count="0"/>
        <line num="192" type="stmt" count="0"/>
        <line num="200" type="method" name="setImageUrl" visibility="public" complexity="1" crap="2" count="0"/>
        <line num="202" type="stmt" count="0"/>
        <line num="208" type="method" name="isPublic" visibility="public" complexity="1" crap="2" count="0"/>
        <line num="210" type="stmt" count="0"/>
        <line num="218" type="method" name="setVisibilityFromString" visibility="public" complexity="1" crap="2" count="0"/>
        <line num="220" type="stmt" count="0"/>
        <line num="226" type="method" name="getRecipeSteps" visibility="public" complexity="4" crap="20" count="0"/>
        <line num="228" type="stmt" count="0"/>
        <line num="229" type="stmt" count="0"/>
        <line num="232" type="stmt" count="0"/>
        <line num="234" type="stmt" count="0"/>
        <line num="235" type="stmt" count="0"/>
        <line num="238" type="stmt" count="0"/>
        <line num="239" type="stmt" count="0"/>
        <line num="242" type="stmt" count="0"/>
        <line num="248" type="method" name="getAllPaintsInRecipe" visibility="public" complexity="5" crap="30" count="0"/>
        <line num="250" type="stmt" count="0"/>
        <line num="251" type="stmt" count="0"/>
        <line num="254" type="stmt" count="0"/>
        <line num="255" type="stmt" count="0"/>
        <line num="257" type="stmt" count="0"/>
        <line num="258" type="stmt" count="0"/>
        <line num="261" type="stmt" count="0"/>
        <line num="262" type="stmt" count="0"/>
        <line num="263" type="stmt" count="0"/>
        <line num="267" type="stmt" count="0"/>
        <line num="269" type="stmt" count="0"/>
        <metrics loc="271" ncloc="192" classes="1" methods="21" coveredmethods="0" conditionals="0" coveredconditionals="0" statements="38" coveredstatements="0" elements="59" coveredelements="0"/>
      </file>
      <file name="/var/www/html/src/Entity/Recipe/RecipeStep.php">
        <class name="App\Entity\Recipe\RecipeStep" namespace="App\Entity\Recipe">
          <metrics complexity="8" methods="7" coveredmethods="0" conditionals="0" coveredconditionals="0" statements="12" coveredstatements="0" elements="19" coveredelements="0"/>
        </class>
        <line num="41" type="method" name="getRecipe" visibility="public" complexity="1" crap="2" count="0"/>
        <line num="43" type="stmt" count="0"/>
        <line num="49" type="method" name="getMethod" visibility="public" complexity="1" crap="2" count="0"/>
        <line num="51" type="stmt" count="0"/>
        <line num="57" type="method" name="getPrimaryPaint" visibility="public" complexity="1" crap="2" count="0"/>
        <line num="59" type="stmt" count="0"/>
        <line num="65" type="method" name="getSecondaryPaint" visibility="public" complexity="1" crap="2" count="0"/>
        <line num="67" type="stmt" count="0"/>
        <line num="73" type="method" name="getStepNumber" visibility="public" complexity="1" crap="2" count="0"/>
        <line num="75" type="stmt" count="0"/>
        <line num="81" type="method" name="getDetails" visibility="public" complexity="1" crap="2" count="0"/>
        <line num="83" type="stmt" count="0"/>
        <line num="89" type="method" name="getFormattedDetails" visibility="public" complexity="2" crap="6" count="0"/>
        <line num="91" type="stmt" count="0"/>
        <line num="92" type="stmt" count="0"/>
        <line num="94" type="stmt" count="0"/>
        <line num="96" type="stmt" count="0"/>
        <line num="97" type="stmt" count="0"/>
        <line num="100" type="stmt" count="0"/>
        <metrics loc="102" ncloc="81" classes="1" methods="7" coveredmethods="0" conditionals="0" coveredconditionals="0" statements="12" coveredstatements="0" elements="19" coveredelements="0"/>
      </file>
      <file name="/var/www/html/src/Entity/Recipe/RecipeStepMethod.php">
        <class name="App\Entity\Recipe\RecipeStepMethod" namespace="App\Entity\Recipe">
          <metrics complexity="2" methods="2" coveredmethods="0" conditionals="0" coveredconditionals="0" statements="2" coveredstatements="0" elements="4" coveredelements="0"/>
        </class>
        <line num="28" type="method" name="getName" visibility="public" complexity="1" crap="2" count="0"/>
        <line num="30" type="stmt" count="0"/>
        <line num="36" type="method" name="getHandle" visibility="public" complexity="1" crap="2" count="0"/>
        <line num="38" type="stmt" count="0"/>
        <metrics loc="40" ncloc="34" classes="1" methods="2" coveredmethods="0" conditionals="0" coveredconditionals="0" statements="2" coveredstatements="0" elements="4" coveredelements="0"/>
      </file>
    </package>
    <package name="App\Middleware">
      <file name="/var/www/html/src/Middleware/CheckUserVerifiedMiddleware.php">
        <class name="App\Middleware\CheckUserVerifiedMiddleware" namespace="App\Middleware">
          <metrics complexity="9" methods="1" coveredmethods="0" conditionals="0" coveredconditionals="0" statements="13" coveredstatements="0" elements="14" coveredelements="0"/>
        </class>
        <line num="14" type="method" name="handle" visibility="public" complexity="9" crap="90" count="0"/>
        <line num="16" type="stmt" count="0"/>
        <line num="18" type="stmt" count="0"/>
        <line num="19" type="stmt" count="0"/>
        <line num="21" type="stmt" count="0"/>
        <line num="22" type="stmt" count="0"/>
        <line num="23" type="stmt" count="0"/>
        <line num="24" type="stmt" count="0"/>
        <line num="27" type="stmt" count="0"/>
        <line num="28" type="stmt" count="0"/>
        <line num="30" type="stmt" count="0"/>
        <line num="31" type="stmt" count="0"/>
        <line num="34" type="stmt" count="0"/>
        <line num="38" type="stmt" count="0"/>
        <metrics loc="40" ncloc="40" classes="1" methods="1" coveredmethods="0" conditionals="0" coveredconditionals="0" statements="13" coveredstatements="0" elements="14" coveredelements="0"/>
      </file>
    </package>
    <package name="App\Security\Entity">
      <file name="/var/www/html/src/Security/Entity/Permission.php">
        <class name="App\Security\Entity\Permission" namespace="App\Security\Entity">
          <metrics complexity="2" methods="2" coveredmethods="0" conditionals="0" coveredconditionals="0" statements="2" coveredstatements="0" elements="4" coveredelements="0"/>
        </class>
        <line num="28" type="method" name="getName" visibility="public" complexity="1" crap="2" count="0"/>
        <line num="30" type="stmt" count="0"/>
        <line num="36" type="method" name="getHandle" visibility="public" complexity="1" crap="2" count="0"/>
        <line num="38" type="stmt" count="0"/>
        <metrics loc="40" ncloc="34" classes="1" methods="2" coveredmethods="0" conditionals="0" coveredconditionals="0" statements="2" coveredstatements="0" elements="4" coveredelements="0"/>
      </file>
      <file name="/var/www/html/src/Security/Entity/Role.php">
        <class name="App\Security\Entity\Role" namespace="App\Security\Entity">
          <metrics complexity="3" methods="3" coveredmethods="0" conditionals="0" coveredconditionals="0" statements="3" coveredstatements="0" elements="6" coveredelements="0"/>
        </class>
        <line num="41" type="method" name="getName" visibility="public" complexity="1" crap="2" count="0"/>
        <line num="43" type="stmt" count="0"/>
        <line num="49" type="method" name="getHandle" visibility="public" complexity="1" crap="2" count="0"/>
        <line num="51" type="stmt" count="0"/>
        <line num="57" type="method" name="getPermissions" visibility="public" complexity="1" crap="2" count="0"/>
        <line num="59" type="stmt" count="0"/>
        <metrics loc="61" ncloc="52" classes="1" methods="3" coveredmethods="0" conditionals="0" coveredconditionals="0" statements="3" coveredstatements="0" elements="6" coveredelements="0"/>
      </file>
      <file name="/var/www/html/src/Security/Entity/User.php">
        <class name="App\Security\Entity\User" namespace="App\Security\Entity">
          <metrics complexity="29" methods="26" coveredmethods="0" conditionals="0" coveredconditionals="0" statements="35" coveredstatements="0" elements="61" coveredelements="0"/>
        </class>
        <line num="84" type="method" name="getUsername" visibility="public" complexity="1" crap="2" count="0"/>
        <line num="86" type="stmt" count="0"/>
        <line num="92" type="method" name="getEmailAddress" visibility="public" complexity="1" crap="2" count="0"/>
        <line num="94" type="stmt" count="0"/>
        <line num="100" type="method" name="getPassword" visibility="public" complexity="1" crap="2" count="0"/>
        <line num="102" type="stmt" count="0"/>
        <line num="110" type="method" name="setPassword" visibility="public" complexity="1" crap="2" count="0"/>
        <line num="112" type="stmt" count="0"/>
        <line num="118" type="method" name="isVerified" visibility="public" complexity="1" crap="2" count="0"/>
        <line num="120" type="stmt" count="0"/>
        <line num="126" type="method" name="verify" visibility="public" complexity="1" crap="2" count="0"/>
        <line num="128" type="stmt" count="0"/>
        <line num="134" type="method" name="getCreatedDate" visibility="public" complexity="1" crap="2" count="0"/>
        <line num="136" type="stmt" count="0"/>
        <line num="142" type="method" name="getRoles" visibility="public" complexity="1" crap="2" count="0"/>
        <line num="144" type="stmt" count="0"/>
        <line num="150" type="method" name="getPaints" visibility="public" complexity="1" crap="2" count="0"/>
        <line num="152" type="stmt" count="0"/>
        <line num="160" type="method" name="addPaint" visibility="public" complexity="1" crap="2" count="0"/>
        <line num="162" type="stmt" count="0"/>
        <line num="164" type="stmt" count="0"/>
        <line num="172" type="method" name="removePaint" visibility="public" complexity="1" crap="2" count="0"/>
        <line num="174" type="stmt" count="0"/>
        <line num="176" type="stmt" count="0"/>
        <line num="184" type="method" name="hasPaint" visibility="public" complexity="1" crap="2" count="0"/>
        <line num="186" type="stmt" count="0"/>
        <line num="192" type="method" name="isAdmin" visibility="public" complexity="1" crap="2" count="0"/>
        <line num="194" type="stmt" count="0"/>
        <line num="200" type="method" name="getWishlist" visibility="public" complexity="1" crap="2" count="0"/>
        <line num="202" type="stmt" count="0"/>
        <line num="210" type="method" name="hasPaintOnWishlist" visibility="public" complexity="1" crap="2" count="0"/>
        <line num="212" type="stmt" count="0"/>
        <line num="220" type="method" name="addToWishlist" visibility="public" complexity="2" crap="6" count="0"/>
        <line num="222" type="stmt" count="0"/>
        <line num="223" type="stmt" count="0"/>
        <line num="226" type="stmt" count="0"/>
        <line num="234" type="method" name="removeFromWishlist" visibility="public" complexity="1" crap="2" count="0"/>
        <line num="236" type="stmt" count="0"/>
        <line num="238" type="stmt" count="0"/>
        <line num="244" type="method" name="getSavedRecipes" visibility="public" complexity="1" crap="2" count="0"/>
        <line num="246" type="stmt" count="0"/>
        <line num="254" type="method" name="saveRecipe" visibility="public" complexity="1" crap="2" count="0"/>
        <line num="256" type="stmt" count="0"/>
        <line num="264" type="method" name="removeRecipeFromSaved" visibility="public" complexity="1" crap="2" count="0"/>
        <line num="266" type="stmt" count="0"/>
        <line num="268" type="stmt" count="0"/>
        <line num="274" type="method" name="getLikedRecipes" visibility="public" complexity="1" crap="2" count="0"/>
        <line num="276" type="stmt" count="0"/>
        <line num="284" type="method" name="likeRecipe" visibility="public" complexity="1" crap="2" count="0"/>
        <line num="286" type="stmt" count="0"/>
        <line num="294" type="method" name="likesRecipe" visibility="public" complexity="1" crap="2" count="0"/>
        <line num="296" type="stmt" count="0"/>
        <line num="304" type="method" name="hasSavedRecipe" visibility="public" complexity="1" crap="2" count="0"/>
        <line num="306" type="stmt" count="0"/>
        <line num="314" type="method" name="removeRecipeFromLiked" visibility="public" complexity="1" crap="2" count="0"/>
        <line num="316" type="stmt" count="0"/>
        <line num="318" type="stmt" count="0"/>
        <line num="324" type="method" name="refresh" visibility="public" complexity="3" crap="12" count="0"/>
        <line num="326" type="stmt" count="0"/>
        <line num="327" type="stmt" count="0"/>
        <line num="328" type="stmt" count="0"/>
        <metrics loc="331" ncloc="227" classes="1" methods="26" coveredmethods="0" conditionals="0" coveredconditionals="0" statements="35" coveredstatements="0" elements="61" coveredelements="0"/>
      </file>
      <file name="/var/www/html/src/Security/Entity/UserVerificationCode.php">
        <class name="App\Security\Entity\UserVerificationCode" namespace="App\Security\Entity">
          <metrics complexity="2" methods="2" coveredmethods="0" conditionals="0" coveredconditionals="0" statements="2" coveredstatements="0" elements="4" coveredelements="0"/>
        </class>
        <line num="28" type="method" name="getUser" visibility="public" complexity="1" crap="2" count="0"/>
        <line num="30" type="stmt" count="0"/>
        <line num="36" type="method" name="getVerificationCode" visibility="public" complexity="1" crap="2" count="0"/>
        <line num="38" type="stmt" count="0"/>
        <metrics loc="40" ncloc="34" classes="1" methods="2" coveredmethods="0" conditionals="0" coveredconditionals="0" statements="2" coveredstatements="0" elements="4" coveredelements="0"/>
      </file>
    </package>
    <file name="/var/www/html/src/functions.php">
      <line num="6" type="stmt" count="0"/>
      <line num="7" type="stmt" count="0"/>
      <line num="9" type="stmt" count="0"/>
      <line num="12" type="stmt" count="0"/>
      <metrics loc="14" ncloc="14" classes="0" methods="0" coveredmethods="0" conditionals="0" coveredconditionals="0" statements="4" coveredstatements="0" elements="4" coveredelements="0"/>
    </file>
    <metrics files="29" loc="2088" ncloc="1656" classes="28" methods="121" coveredmethods="2" conditionals="0" coveredconditionals="0" statements="447" coveredstatements="38" elements="568" coveredelements="40"/>
  </project>
</coverage>
